0 info it worked if it ends with ok
1 verbose cli [ 'C:\\Program Files\\nodejs\\node.exe',
1 verbose cli   'C:\\Program Files\\nodejs\\node_modules\\npm\\bin\\npm-cli.js',
1 verbose cli   'run',
1 verbose cli   'test-single-run' ]
2 info using npm@2.14.12
3 info using node@v4.2.4
4 verbose run-script [ 'pretest-single-run',
4 verbose run-script   'test-single-run',
4 verbose run-script   'posttest-single-run' ]
5 info pretest-single-run myrobotlab-webgui@0.0.0
6 info test-single-run myrobotlab-webgui@0.0.0
7 verbose unsafe-perm in lifecycle true
8 info myrobotlab-webgui@0.0.0 Failed to exec test-single-run script
9 verbose stack Error: myrobotlab-webgui@0.0.0 test-single-run: `karma start karma.conf.js --single-run`
9 verbose stack Exit status 1
9 verbose stack     at EventEmitter.<anonymous> (C:\Program Files\nodejs\node_modules\npm\lib\utils\lifecycle.js:214:16)
9 verbose stack     at emitTwo (events.js:87:13)
9 verbose stack     at EventEmitter.emit (events.js:172:7)
9 verbose stack     at ChildProcess.<anonymous> (C:\Program Files\nodejs\node_modules\npm\lib\utils\spawn.js:24:14)
9 verbose stack     at emitTwo (events.js:87:13)
9 verbose stack     at ChildProcess.emit (events.js:172:7)
9 verbose stack     at maybeClose (internal/child_process.js:818:16)
9 verbose stack     at Process.ChildProcess._handle.onexit (internal/child_process.js:211:5)
10 verbose pkgid myrobotlab-webgui@0.0.0
11 verbose cwd C:\Users\vogt-\Documents\NetBeansProjects\myrobotlab\src\resource\WebGui
12 error Windows_NT 10.0.10586
13 error argv "C:\\Program Files\\nodejs\\node.exe" "C:\\Program Files\\nodejs\\node_modules\\npm\\bin\\npm-cli.js" "run" "test-single-run"
14 error node v4.2.4
15 error npm  v2.14.12
16 error code ELIFECYCLE
17 error myrobotlab-webgui@0.0.0 test-single-run: `karma start karma.conf.js --single-run`
17 error Exit status 1
18 error Failed at the myrobotlab-webgui@0.0.0 test-single-run script 'karma start karma.conf.js --single-run'.
18 error This is most likely a problem with the myrobotlab-webgui package,
18 error not with npm itself.
18 error Tell the author that this fails on your system:
18 error     karma start karma.conf.js --single-run
18 error You can get their info via:
18 error     npm owner ls myrobotlab-webgui
18 error There is likely additional logging output above.
19 verbose exit [ 1, true ]
